{
  "stats": {
    "suites": 1,
    "tests": 1,
    "passes": 1,
    "pending": 0,
    "failures": 0,
    "start": "2025-05-26T12:44:31.195Z",
    "end": "2025-05-26T12:44:43.229Z",
    "duration": 12034,
    "testsRegistered": 1,
    "passPercent": 100,
    "pendingPercent": 0,
    "other": 0,
    "hasOther": false,
    "skipped": 0,
    "hasSkipped": false
  },
  "results": [
    {
      "uuid": "72856d49-dd60-4e96-8a79-c248bf6c71bb",
      "title": "",
      "fullFile": "cypress\\integration\\examples\\CuraHealth\\test1.js",
      "file": "cypress\\integration\\examples\\CuraHealth\\test1.js",
      "beforeHooks": [],
      "afterHooks": [],
      "tests": [],
      "suites": [
        {
          "uuid": "8e0cc58a-8377-4f15-9232-1bd9db3349ea",
          "title": "Cura Health First Test Suite",
          "fullFile": "",
          "file": "",
          "beforeHooks": [],
          "afterHooks": [],
          "tests": [
            {
              "title": "Make Appointment Test",
              "fullTitle": "Cura Health First Test Suite Make Appointment Test",
              "timedOut": null,
              "duration": 7116,
              "state": "passed",
              "speed": "medium",
              "pass": true,
              "fail": false,
              "pending": false,
              "context": null,
              "code": "homePage.visit(); // Visit the Cura Health home page\nhomePage.clickMakeAppointment(); // Click the \"Make Appointment\" button\nloginPage.enterUsername('John Doe'); // Enter username\nloginPage.enterPassword('ThisIsNotAPassword'); // Enter password\nloginPage.clickLogin(); // Click the login button\nappointmentPage.selectFacility('Seoul CURA Healthcare Center'); // Select facility\nappointmentPage.checkHospitalReadmission(); // Check hospital readmission\nappointmentPage.selectMedicaid(); // Select Medicaid as healthcare program\nappointmentPage.openDatePicker(); // Open the date picker\nappointmentPage.selectYear(); // Select year in date picker\nappointmentPage.selectMonth(); // Select month in date picker\nappointmentPage.selectDay(); // Select day in date picker\nappointmentPage.clickVisitDate(); // Click visit date field to confirm\nappointmentPage.enterComment('Automated test comment'); // Enter comment\nappointmentPage.bookAppointment(); // Submit the appointment booking form",
              "err": {},
              "uuid": "e4b7f060-2f60-4590-bbf5-3a3ef487bf6d",
              "parentUUID": "8e0cc58a-8377-4f15-9232-1bd9db3349ea",
              "isHook": false,
              "skipped": false
            }
          ],
          "suites": [],
          "passes": [
            "e4b7f060-2f60-4590-bbf5-3a3ef487bf6d"
          ],
          "failures": [],
          "pending": [],
          "skipped": [],
          "duration": 7116,
          "root": false,
          "rootEmpty": false,
          "_timeout": 2000
        }
      ],
      "passes": [],
      "failures": [],
      "pending": [],
      "skipped": [],
      "duration": 0,
      "root": true,
      "rootEmpty": true,
      "_timeout": 2000
    }
  ],
  "meta": {
    "mocha": {
      "version": "7.2.0"
    },
    "mochawesome": {
      "options": {
        "quiet": false,
        "reportFilename": "mochawesome",
        "saveHtml": false,
        "saveJson": true,
        "consoleReporter": "spec",
        "useInlineDiffs": false,
        "code": true
      },
      "version": "7.1.3"
    },
    "marge": {
      "options": {
        "overwrite": false,
        "html": false,
        "json": true,
        "reportDir": "cypress\\reports\\html\\.jsons"
      },
      "version": "6.2.0"
    }
  }
}